Loading images...
/home/hardian_lawi/shopee/data/train/BabyShirt/BabyShirt_1.jpg is broken
/home/hardian_lawi/shopee/data/train/BabyHat/BabyHat_1.jpg is broken
/home/hardian_lawi/shopee/data/train/womendollshoes/womendollshoes_1.jpg is broken
/home/hardian_lawi/shopee/data/train/BabyPants/BabyPants_1.jpg is broken
/home/hardian_lawi/shopee/data/train/PackageFart/PackageFart_1.jpg is broken
/home/hardian_lawi/shopee/data/train/BabyBibs/BabyBibs_1.jpg is broken
Start generating features...
     Model InceptionV3
Downloading data from https://github.com/fchollet/deep-learning-models/releases/download/v0.5/inception_v3_weights_tf_dim_ordering_tf_kernels_notop.h5

    8192/87910968 [..............................] - ETA: 31:50
   24576/87910968 [..............................] - ETA: 21:14
   40960/87910968 [..............................] - ETA: 19:07
   57344/87910968 [..............................] - ETA: 18:13
   90112/87910968 [..............................] - ETA: 14:29
  106496/87910968 [..............................] - ETA: 14:45
  139264/87910968 [..............................] - ETA: 13:09
  180224/87910968 [..............................] - ETA: 11:36
  212992/87910968 [..............................] - ETA: 11:02
  245760/87910968 [..............................] - ETA: 10:37
  294912/87910968 [..............................] - ETA: 9:44 
  335872/87910968 [..............................] - ETA: 9:19
  385024/87910968 [..............................] - ETA: 8:48
  442368/87910968 [..............................] - ETA: 8:14
  475136/87910968 [..............................] - ETA: 8:13
  524288/87910968 [..............................] - ETA: 7:56
  581632/87910968 [..............................] - ETA: 7:36
  630784/87910968 [..............................] - ETA: 7:25
  679936/87910968 [..............................] - ETA: 7:15
  753664/87910968 [..............................] - ETA: 6:55
  819200/87910968 [..............................] - ETA: 6:41
  892928/87910968 [..............................] - ETA: 6:25
  958464/87910968 [..............................] - ETA: 6:12
 1032192/87910968 [..............................] - ETA: 6:00
 1114112/87910968 [..............................] - ETA: 5:47
 1204224/87910968 [..............................] - ETA: 5:34
 1294336/87910968 [..............................] - ETA: 5:22
 1392640/87910968 [..............................] - ETA: 5:10
 1499136/87910968 [..............................] - ETA: 4:58
 1605632/87910968 [..............................] - ETA: 4:48
 1744896/87910968 [..............................] - ETA: 4:33
 1867776/87910968 [..............................] - ETA: 4:23
 2007040/87910968 [..............................] - ETA: 4:12
 2162688/87910968 [..............................] - ETA: 4:00
 2318336/87910968 [..............................] - ETA: 3:50
 2490368/87910968 [..............................] - ETA: 3:40
 2670592/87910968 [..............................] - ETA: 3:30
 2859008/87910968 [..............................] - ETA: 3:21
 3047424/87910968 [>.............................] - ETA: 3:10
 3063808/87910968 [>.............................] - ETA: 3:12
 3276800/87910968 [>.............................] - ETA: 3:01
 3293184/87910968 [>.............................] - ETA: 3:03
 3506176/87910968 [>.............................] - ETA: 2:53
 3522560/87910968 [>.............................] - ETA: 2:55
 3760128/87910968 [>.............................] - ETA: 2:47
 4005888/87910968 [>.............................] - ETA: 2:38
 4022272/87910968 [>.............................] - ETA: 2:40
 4284416/87910968 [>.............................] - ETA: 2:31
 4300800/87910968 [>.............................] - ETA: 2:32
 4579328/87910968 [>.............................] - ETA: 2:24
 4595712/87910968 [>.............................] - ETA: 2:25
 4898816/87910968 [>.............................] - ETA: 2:17
 4915200/87910968 [>.............................] - ETA: 2:18
 5210112/87910968 [>.............................] - ETA: 2:11
 5226496/87910968 [>.............................] - ETA: 2:12
 5455872/87910968 [>.............................] - ETA: 2:07
 5472256/87910968 [>.............................] - ETA: 2:09
 5709824/87910968 [>.............................] - ETA: 2:04
 5734400/87910968 [>.............................] - ETA: 2:05
 5971968/87910968 [=>............................] - ETA: 2:00
 6012928/87910968 [=>............................] - ETA: 2:01
 6266880/87910968 [=>............................] - ETA: 1:57
 6291456/87910968 [=>............................] - ETA: 1:58
 6569984/87910968 [=>............................] - ETA: 1:53
 6586368/87910968 [=>............................] - ETA: 1:54
 6881280/87910968 [=>............................] - ETA: 1:50
 6914048/87910968 [=>............................] - ETA: 1:50
 7143424/87910968 [=>............................] - ETA: 1:47
 7159808/87910968 [=>............................] - ETA: 1:48
 7348224/87910968 [=>............................] - ETA: 1:46
 7364608/87910968 [=>............................] - ETA: 1:47
 7421952/87910968 [=>............................] - ETA: 1:47
 7438336/87910968 [=>............................] - ETA: 1:48
 7471104/87910968 [=>............................] - ETA: 1:48
 7487488/87910968 [=>............................] - ETA: 1:49
 7520256/87910968 [=>............................] - ETA: 1:49
 7544832/87910968 [=>............................] - ETA: 1:50
 7577600/87910968 [=>............................] - ETA: 1:50
 7610368/87910968 [=>............................] - ETA: 1:51
 7643136/87910968 [=>............................] - ETA: 1:51
 7684096/87910968 [=>............................] - ETA: 1:51
 7733248/87910968 [=>............................] - ETA: 1:51
 7749632/87910968 [=>............................] - ETA: 1:52
 7823360/87910968 [=>............................] - ETA: 1:52
 7856128/87910968 [=>............................] - ETA: 1:52
 7905280/87910968 [=>............................] - ETA: 1:52
 7938048/87910968 [=>............................] - ETA: 1:53
 8011776/87910968 [=>............................] - ETA: 1:52
 8060928/87910968 [=>............................] - ETA: 1:53
 8134656/87910968 [=>............................] - ETA: 1:52
 8167424/87910968 [=>............................] - ETA: 1:53
 8257536/87910968 [=>............................] - ETA: 1:52
 8306688/87910968 [=>............................] - ETA: 1:52
 8396800/87910968 [=>............................] - ETA: 1:52
 8445952/87910968 [=>............................] - ETA: 1:52
 8536064/87910968 [=>............................] - ETA: 1:51
 8585216/87910968 [=>............................] - ETA: 1:51
 8658944/87910968 [=>............................] - ETA: 1:51
 8740864/87910968 [=>............................] - ETA: 1:50
 8757248/87910968 [=>............................] - ETA: 1:51
 8880128/87910968 [==>...........................] - ETA: 1:50
 8953856/87910968 [==>...........................] - ETA: 1:50
 9076736/87910968 [==>...........................] - ETA: 1:49
 9158656/87910968 [==>...........................] - ETA: 1:48
 9281536/87910968 [==>...........................] - ETA: 1:47
 9371648/87910968 [==>...........................] - ETA: 1:47
 9453568/87910968 [==>...........................] - ETA: 1:46
 9576448/87910968 [==>...........................] - ETA: 1:46
 9609216/87910968 [==>...........................] - ETA: 1:46
 9748480/87910968 [==>...........................] - ETA: 1:45
 9854976/87910968 [==>...........................] - ETA: 1:44
 9945088/87910968 [==>...........................] - ETA: 1:43
10084352/87910968 [==>...........................] - ETA: 1:42
10133504/87910968 [==>...........................] - ETA: 1:42
10272768/87910968 [==>...........................] - ETA: 1:41
10395648/87910968 [==>...........................] - ETA: 1:40
10485760/87910968 [==>...........................] - ETA: 1:40
10641408/87910968 [==>...........................] - ETA: 1:39
10690560/87910968 [==>...........................] - ETA: 1:39
10846208/87910968 [==>...........................] - ETA: 1:38
10969088/87910968 [==>...........................] - ETA: 1:37
11141120/87910968 [==>...........................] - ETA: 1:36
11264000/87910968 [==>...........................] - ETA: 1:35
11370496/87910968 [==>...........................] - ETA: 1:35
11542528/87910968 [==>...........................] - ETA: 1:34
11599872/87910968 [==>...........................] - ETA: 1:33
11771904/87910968 [===>..........................] - ETA: 1:32
11911168/87910968 [===>..........................] - ETA: 1:32
12017664/87910968 [===>..........................] - ETA: 1:31
12206080/87910968 [===>..........................] - ETA: 1:30
12255232/87910968 [===>..........................] - ETA: 1:30
12419072/87910968 [===>..........................] - ETA: 1:29
12517376/87910968 [===>..........................] - ETA: 1:29
12607488/87910968 [===>..........................] - ETA: 1:28
12746752/87910968 [===>..........................] - ETA: 1:28
12812288/87910968 [===>..........................] - ETA: 1:27
12967936/87910968 [===>..........................] - ETA: 1:27
13074432/87910968 [===>..........................] - ETA: 1:26
13180928/87910968 [===>..........................] - ETA: 1:26
13320192/87910968 [===>..........................] - ETA: 1:25
13393920/87910968 [===>..........................] - ETA: 1:25
13565952/87910968 [===>..........................] - ETA: 1:24
13672448/87910968 [===>..........................] - ETA: 1:24
13787136/87910968 [===>..........................] - ETA: 1:23
13926400/87910968 [===>..........................] - ETA: 1:23
14000128/87910968 [===>..........................] - ETA: 1:22
14172160/87910968 [===>..........................] - ETA: 1:22
14295040/87910968 [===>..........................] - ETA: 1:21
14417920/87910968 [===>..........................] - ETA: 1:21
14557184/87910968 [===>..........................] - ETA: 1:20
14639104/87910968 [===>..........................] - ETA: 1:20
14819328/87910968 [====>.........................] - ETA: 1:19
14942208/87910968 [====>.........................] - ETA: 1:19
15065088/87910968 [====>.........................] - ETA: 1:18
15204352/87910968 [====>.........................] - ETA: 1:18
15286272/87910968 [====>.........................] - ETA: 1:17
15458304/87910968 [====>.........................] - ETA: 1:17
15581184/87910968 [====>.........................] - ETA: 1:16
15720448/87910968 [====>.........................] - ETA: 1:16
15859712/87910968 [====>.........................] - ETA: 1:15
15933440/87910968 [====>.........................] - ETA: 1:15
16121856/87910968 [====>.........................] - ETA: 1:14
16244736/87910968 [====>.........................] - ETA: 1:14
16367616/87910968 [====>.........................] - ETA: 1:14
16523264/87910968 [====>.........................] - ETA: 1:13
16596992/87910968 [====>.........................] - ETA: 1:13
16769024/87910968 [====>.........................] - ETA: 1:12
16834560/87910968 [====>.........................] - ETA: 1:12
16924672/87910968 [====>.........................] - ETA: 1:12
17113088/87910968 [====>.........................] - ETA: 1:11
17219584/87910968 [====>.........................] - ETA: 1:11
17358848/87910968 [====>.........................] - ETA: 1:11
17498112/87910968 [====>.........................] - ETA: 1:10
17588224/87910968 [=====>........................] - ETA: 1:10
17760256/87910968 [=====>........................] - ETA: 1:10
17883136/87910968 [=====>........................] - ETA: 1:09
18022400/87910968 [=====>........................] - ETA: 1:09
18161664/87910968 [=====>........................] - ETA: 1:08
18243584/87910968 [=====>........................] - ETA: 1:08
18423808/87910968 [=====>........................] - ETA: 1:08
18546688/87910968 [=====>........................] - ETA: 1:07
18685952/87910968 [=====>........................] - ETA: 1:07
18825216/87910968 [=====>........................] - ETA: 1:07
18907136/87910968 [=====>........................] - ETA: 1:06
19079168/87910968 [=====>........................] - ETA: 1:06
19202048/87910968 [=====>........................] - ETA: 1:06
19341312/87910968 [=====>........................] - ETA: 1:05
19480576/87910968 [=====>........................] - ETA: 1:05
19570688/87910968 [=====>........................] - ETA: 1:05
19693568/87910968 [=====>........................] - ETA: 1:04
19816448/87910968 [=====>........................] - ETA: 1:04
19898368/87910968 [=====>........................] - ETA: 1:04
20004864/87910968 [=====>........................] - ETA: 1:04
20144128/87910968 [=====>........................] - ETA: 1:03
20234240/87910968 [=====>........................] - ETA: 1:03
20332544/87910968 [=====>........................] - ETA: 1:03
20488192/87910968 [=====>........................] - ETA: 1:03
20561920/87910968 [======>.......................] - ETA: 1:02
20668416/87910968 [======>.......................] - ETA: 1:02
20824064/87910968 [======>.......................] - ETA: 1:02
20889600/87910968 [======>.......................] - ETA: 1:02
20996096/87910968 [======>.......................] - ETA: 1:01
21151744/87910968 [======>.......................] - ETA: 1:01
21225472/87910968 [======>.......................] - ETA: 1:01
21331968/87910968 [======>.......................] - ETA: 1:01
21487616/87910968 [======>.......................] - ETA: 1:00
21536768/87910968 [======>.......................] - ETA: 1:00
21626880/87910968 [======>.......................] - ETA: 1:00
21749760/87910968 [======>.......................] - ETA: 1:00
21815296/87910968 [======>.......................] - ETA: 1:00
21905408/87910968 [======>.......................] - ETA: 1:00
22028288/87910968 [======>.......................] - ETA: 59s 
22093824/87910968 [======>.......................] - ETA: 59s
22183936/87910968 [======>.......................] - ETA: 59s
22306816/87910968 [======>.......................] - ETA: 59s
22372352/87910968 [======>.......................] - ETA: 59s
22462464/87910968 [======>.......................] - ETA: 59s
22585344/87910968 [======>.......................] - ETA: 59s
22650880/87910968 [======>.......................] - ETA: 58s
22757376/87910968 [======>.......................] - ETA: 58s
22880256/87910968 [======>.......................] - ETA: 58s
22945792/87910968 [======>.......................] - ETA: 58s
23035904/87910968 [======>.......................] - ETA: 58s
23158784/87910968 [======>.......................] - ETA: 58s
23224320/87910968 [======>.......................] - ETA: 57s
23330816/87910968 [======>.......................] - ETA: 57s
23453696/87910968 [=======>......................] - ETA: 57s
23519232/87910968 [=======>......................] - ETA: 57s
23625728/87910968 [=======>......................] - ETA: 57s
23748608/87910968 [=======>......................] - ETA: 57s
23814144/87910968 [=======>......................] - ETA: 56s
23904256/87910968 [=======>......................] - ETA: 56s
24027136/87910968 [=======>......................] - ETA: 56s
24092672/87910968 [=======>......................] - ETA: 56s
24199168/87910968 [=======>......................] - ETA: 56s
24322048/87910968 [=======>......................] - ETA: 56s
24395776/87910968 [=======>......................] - ETA: 56s
24494080/87910968 [=======>......................] - ETA: 55s
24616960/87910968 [=======>......................] - ETA: 55s
24690688/87910968 [=======>......................] - ETA: 55s
24772608/87910968 [=======>......................] - ETA: 55s
24895488/87910968 [=======>......................] - ETA: 55s
24969216/87910968 [=======>......................] - ETA: 55s
25067520/87910968 [=======>......................] - ETA: 54s
25190400/87910968 [=======>......................] - ETA: 54s
25264128/87910968 [=======>......................] - ETA: 54s
25370624/87910968 [=======>......................] - ETA: 54s
25485312/87910968 [=======>......................] - ETA: 54s
25575424/87910968 [=======>......................] - ETA: 54s
25714688/87910968 [=======>......................] - ETA: 53s
25837568/87910968 [=======>......................] - ETA: 53s
25944064/87910968 [=======>......................] - ETA: 53s
26066944/87910968 [=======>......................] - ETA: 53s
26132480/87910968 [=======>......................] - ETA: 53s
26238976/87910968 [=======>......................] - ETA: 53s
26361856/87910968 [=======>......................] - ETA: 52s
26427392/87910968 [========>.....................] - ETA: 52s
26533888/87910968 [========>.....................] - ETA: 52s
26656768/87910968 [========>.....................] - ETA: 52s
26755072/87910968 [========>.....................] - ETA: 52s
26877952/87910968 [========>.....................] - ETA: 52s
27000832/87910968 [========>.....................] - ETA: 52s
27123712/87910968 [========>.....................] - ETA: 51s
27246592/87910968 [========>.....................] - ETA: 51s
27320320/87910968 [========>.....................] - ETA: 51s
27402240/87910968 [========>.....................] - ETA: 51s
27541504/87910968 [========>.....................] - ETA: 51s
27615232/87910968 [========>.....................] - ETA: 51s
27697152/87910968 [========>.....................] - ETA: 51s
27820032/87910968 [========>.....................] - ETA: 50s
27877376/87910968 [========>.....................] - ETA: 50s
27959296/87910968 [========>.....................] - ETA: 50s
28016640/87910968 [========>.....................] - ETA: 50s
28073984/87910968 [========>.....................] - ETA: 50s
28155904/87910968 [========>.....................] - ETA: 50s
28221440/87910968 [========>.....................] - ETA: 50s
28295168/87910968 [========>.....................] - ETA: 50s
28377088/87910968 [========>.....................] - ETA: 50s
28450816/87910968 [========>.....................] - ETA: 50s
28516352/87910968 [========>.....................] - ETA: 50s
28622848/87910968 [========>.....................] - ETA: 50s
28688384/87910968 [========>.....................] - ETA: 50s
28778496/87910968 [========>.....................] - ETA: 50s
28884992/87910968 [========>.....................] - ETA: 49s
28950528/87910968 [========>.....................] - ETA: 49s
29040640/87910968 [========>.....................] - ETA: 49s
29147136/87910968 [========>.....................] - ETA: 49s
29229056/87910968 [========>.....................] - ETA: 49s
29319168/87910968 [=========>....................] - ETA: 49s
29425664/87910968 [=========>....................] - ETA: 49s
29507584/87910968 [=========>....................] - ETA: 49s
29597696/87910968 [=========>....................] - ETA: 48s
29704192/87910968 [=========>....................] - ETA: 48s
29786112/87910968 [=========>....................] - ETA: 48s
29876224/87910968 [=========>....................] - ETA: 48s
29982720/87910968 [=========>....................] - ETA: 48s
30064640/87910968 [=========>....................] - ETA: 48s
30171136/87910968 [=========>....................] - ETA: 48s
30277632/87910968 [=========>....................] - ETA: 48s
30359552/87910968 [=========>....................] - ETA: 48s
30449664/87910968 [=========>....................] - ETA: 47s
30572544/87910968 [=========>....................] - ETA: 47s
30662656/87910968 [=========>....................] - ETA: 47s
30760960/87910968 [=========>....................] - ETA: 47s
30883840/87910968 [=========>....................] - ETA: 47s
30973952/87910968 [=========>....................] - ETA: 47s
31080448/87910968 [=========>....................] - ETA: 47s
31195136/87910968 [=========>....................] - ETA: 46s
31285248/87910968 [=========>....................] - ETA: 46s
31408128/87910968 [=========>....................] - ETA: 46s
31531008/87910968 [=========>....................] - ETA: 46s
31612928/87910968 [=========>....................] - ETA: 46s
31735808/87910968 [=========>....................] - ETA: 46s
31858688/87910968 [=========>....................] - ETA: 46s
31965184/87910968 [=========>....................] - ETA: 45s
32088064/87910968 [=========>....................] - ETA: 45s
32210944/87910968 [=========>....................] - ETA: 45s
32309248/87910968 [==========>...................] - ETA: 45s
32432128/87910968 [==========>...................] - ETA: 45s
32571392/87910968 [==========>...................] - ETA: 45s
32677888/87910968 [==========>...................] - ETA: 44s
32800768/87910968 [==========>...................] - ETA: 44s
32940032/87910968 [==========>...................] - ETA: 44s
33046528/87910968 [==========>...................] - ETA: 44s
33185792/87910968 [==========>...................] - ETA: 44s
33325056/87910968 [==========>...................] - ETA: 43s
33423360/87910968 [==========>...................] - ETA: 43s
33562624/87910968 [==========>...................] - ETA: 43s
33669120/87910968 [==========>...................] - ETA: 43s
33775616/87910968 [==========>...................] - ETA: 43s
33865728/87910968 [==========>...................] - ETA: 43s
33980416/87910968 [==========>...................] - ETA: 43s
34070528/87910968 [==========>...................] - ETA: 43s
34177024/87910968 [==========>...................] - ETA: 42s
34316288/87910968 [==========>...................] - ETA: 42s
34398208/87910968 [==========>...................] - ETA: 42s
34504704/87910968 [==========>...................] - ETA: 42s
34643968/87910968 [==========>...................] - ETA: 42s
34734080/87910968 [==========>...................] - ETA: 42s
34840576/87910968 [==========>...................] - ETA: 42s
34979840/87910968 [==========>...................] - ETA: 41s
35078144/87910968 [==========>...................] - ETA: 41s
35184640/87910968 [===========>..................] - ETA: 41s
35323904/87910968 [===========>..................] - ETA: 41s
35430400/87910968 [===========>..................] - ETA: 41s
35536896/87910968 [===========>..................] - ETA: 41s
35692544/87910968 [===========>..................] - ETA: 41s
35790848/87910968 [===========>..................] - ETA: 41s
35897344/87910968 [===========>..................] - ETA: 40s
36052992/87910968 [===========>..................] - ETA: 40s
36159488/87910968 [===========>..................] - ETA: 40s
36265984/87910968 [===========>..................] - ETA: 40s
36421632/87910968 [===========>..................] - ETA: 40s
36528128/87910968 [===========>..................] - ETA: 40s
36626432/87910968 [===========>..................] - ETA: 39s
36790272/87910968 [===========>..................] - ETA: 39s
36888576/87910968 [===========>..................] - ETA: 39s
37011456/87910968 [===========>..................] - ETA: 39s
37150720/87910968 [===========>..................] - ETA: 39s
37257216/87910968 [===========>..................] - ETA: 39s
37380096/87910968 [===========>..................] - ETA: 39s
37535744/87910968 [===========>..................] - ETA: 38s
37642240/87910968 [===========>..................] - ETA: 38s
37765120/87910968 [===========>..................] - ETA: 38s
37904384/87910968 [===========>..................] - ETA: 38s
38019072/87910968 [===========>..................] - ETA: 38s
38125568/87910968 [============>.................] - ETA: 38s
38281216/87910968 [============>.................] - ETA: 38s
38387712/87910968 [============>.................] - ETA: 37s
38510592/87910968 [============>.................] - ETA: 37s
38666240/87910968 [============>.................] - ETA: 37s
38772736/87910968 [============>.................] - ETA: 37s
38895616/87910968 [============>.................] - ETA: 37s
39034880/87910968 [============>.................] - ETA: 37s
39157760/87910968 [============>.................] - ETA: 37s
39272448/87910968 [============>.................] - ETA: 36s
39411712/87910968 [============>.................] - ETA: 36s
39534592/87910968 [============>.................] - ETA: 36s
39641088/87910968 [============>.................] - ETA: 36s
39796736/87910968 [============>.................] - ETA: 36s
39903232/87910968 [============>.................] - ETA: 36s
40026112/87910968 [============>.................] - ETA: 36s
40181760/87910968 [============>.................] - ETA: 35s
40288256/87910968 [============>.................] - ETA: 35s
40411136/87910968 [============>.................] - ETA: 35s
40525824/87910968 [============>.................] - ETA: 35s
40615936/87910968 [============>.................] - ETA: 35s
40689664/87910968 [============>.................] - ETA: 35s
40804352/87910968 [============>.................] - ETA: 35s
40910848/87910968 [============>.................] - ETA: 35s
40984576/87910968 [============>.................] - ETA: 35s
41123840/87910968 [=============>................] - ETA: 34s
41205760/87910968 [=============>................] - ETA: 34s
41295872/87910968 [=============>................] - ETA: 34s
41435136/87910968 [=============>................] - ETA: 34s
41541632/87910968 [=============>................] - ETA: 34s
41607168/87910968 [=============>................] - ETA: 34s
41746432/87910968 [=============>................] - ETA: 34s
41852928/87910968 [=============>................] - ETA: 34s
41943040/87910968 [=============>................] - ETA: 34s
42082304/87910968 [=============>................] - ETA: 34s
42180608/87910968 [=============>................] - ETA: 33s
42270720/87910968 [=============>................] - ETA: 33s
42409984/87910968 [=============>................] - ETA: 33s
42516480/87910968 [=============>................] - ETA: 33s
42582016/87910968 [=============>................] - ETA: 33s
42737664/87910968 [=============>................] - ETA: 33s
42844160/87910968 [=============>................] - ETA: 33s
42917888/87910968 [=============>................] - ETA: 33s
43073536/87910968 [=============>................] - ETA: 33s
43171840/87910968 [=============>................] - ETA: 33s
43261952/87910968 [=============>................] - ETA: 32s
43401216/87910968 [=============>................] - ETA: 32s
43507712/87910968 [=============>................] - ETA: 32s
43589632/87910968 [=============>................] - ETA: 32s
43728896/87910968 [=============>................] - ETA: 32s
43835392/87910968 [=============>................] - ETA: 32s
43925504/87910968 [=============>................] - ETA: 32s
44064768/87910968 [==============>...............] - ETA: 32s
44171264/87910968 [==============>...............] - ETA: 32s
44253184/87910968 [==============>...............] - ETA: 32s
44392448/87910968 [==============>...............] - ETA: 31s
44498944/87910968 [==============>...............] - ETA: 31s
44589056/87910968 [==============>...............] - ETA: 31s
44728320/87910968 [==============>...............] - ETA: 31s
44826624/87910968 [==============>...............] - ETA: 31s
44916736/87910968 [==============>...............] - ETA: 31s
45056000/87910968 [==============>...............] - ETA: 31s
45162496/87910968 [==============>...............] - ETA: 31s
45244416/87910968 [==============>...............] - ETA: 31s
45383680/87910968 [==============>...............] - ETA: 30s
45490176/87910968 [==============>...............] - ETA: 30s
45580288/87910968 [==============>...............] - ETA: 30s
45719552/87910968 [==============>...............] - ETA: 30s
45817856/87910968 [==============>...............] - ETA: 30s
45907968/87910968 [==============>...............] - ETA: 30s
46047232/87910968 [==============>...............] - ETA: 30s
46153728/87910968 [==============>...............] - ETA: 30s
46235648/87910968 [==============>...............] - ETA: 30s
46391296/87910968 [==============>...............] - ETA: 30s
46497792/87910968 [==============>...............] - ETA: 29s
46571520/87910968 [==============>...............] - ETA: 29s
46727168/87910968 [==============>...............] - ETA: 29s
46833664/87910968 [==============>...............] - ETA: 29s
46915584/87910968 [===============>..............] - ETA: 29s
47054848/87910968 [===============>..............] - ETA: 29s
47161344/87910968 [===============>..............] - ETA: 29s
47251456/87910968 [===============>..............] - ETA: 29s
47390720/87910968 [===============>..............] - ETA: 29s
47489024/87910968 [===============>..............] - ETA: 29s
47579136/87910968 [===============>..............] - ETA: 28s
47718400/87910968 [===============>..............] - ETA: 28s
47792128/87910968 [===============>..............] - ETA: 28s
47906816/87910968 [===============>..............] - ETA: 28s
48136192/87910968 [===============>..............] - ETA: 28s
48259072/87910968 [===============>..............] - ETA: 28s
48308224/87910968 [===============>..............] - ETA: 28s
48463872/87910968 [===============>..............] - ETA: 28s
48586752/87910968 [===============>..............] - ETA: 28s
48644096/87910968 [===============>..............] - ETA: 28s
48799744/87910968 [===============>..............] - ETA: 27s
48906240/87910968 [===============>..............] - ETA: 27s
48955392/87910968 [===============>..............] - ETA: 27s
49078272/87910968 [===============>..............] - ETA: 27s
49127424/87910968 [===============>..............] - ETA: 27s
49299456/87910968 [===============>..............] - ETA: 27s
49356800/87910968 [===============>..............] - ETA: 27s
49422336/87910968 [===============>..............] - ETA: 27s
49545216/87910968 [===============>..............] - ETA: 27s
49618944/87910968 [===============>..............] - ETA: 27s
49684480/87910968 [===============>..............] - ETA: 27s
49823744/87910968 [================>.............] - ETA: 27s
49897472/87910968 [================>.............] - ETA: 27s
49946624/87910968 [================>.............] - ETA: 27s
50036736/87910968 [================>.............] - ETA: 27s
50102272/87910968 [================>.............] - ETA: 27s
50159616/87910968 [================>.............] - ETA: 26s
50257920/87910968 [================>.............] - ETA: 26s
50331648/87910968 [================>.............] - ETA: 26s
50380800/87910968 [================>.............] - ETA: 26s
50503680/87910968 [================>.............] - ETA: 26s
50577408/87910968 [================>.............] - ETA: 26s
50626560/87910968 [================>.............] - ETA: 26s
50749440/87910968 [================>.............] - ETA: 26s
50831360/87910968 [================>.............] - ETA: 26s
50905088/87910968 [================>.............] - ETA: 26s
51027968/87910968 [================>.............] - ETA: 26s
51109888/87910968 [================>.............] - ETA: 26s
51183616/87910968 [================>.............] - ETA: 26s
51331072/87910968 [================>.............] - ETA: 26s
51412992/87910968 [================>.............] - ETA: 26s
51494912/87910968 [================>.............] - ETA: 25s
51642368/87910968 [================>.............] - ETA: 25s
51724288/87910968 [================>.............] - ETA: 25s
51806208/87910968 [================>.............] - ETA: 25s
51961856/87910968 [================>.............] - ETA: 25s
52051968/87910968 [================>.............] - ETA: 25s
52142080/87910968 [================>.............] - ETA: 25s
52346880/87910968 [================>.............] - ETA: 25s
52420608/87910968 [================>.............] - ETA: 25s
52625408/87910968 [================>.............] - ETA: 25s
52731904/87910968 [================>.............] - ETA: 24s
52838400/87910968 [=================>............] - ETA: 24s
53043200/87910968 [=================>............] - ETA: 24s
53133312/87910968 [=================>............] - ETA: 24s
53354496/87910968 [=================>............] - ETA: 24s
53460992/87910968 [=================>............] - ETA: 24s
53567488/87910968 [=================>............] - ETA: 24s
53747712/87910968 [=================>............] - ETA: 24s
53846016/87910968 [=================>............] - ETA: 23s
53952512/87910968 [=================>............] - ETA: 23s
54132736/87910968 [=================>............] - ETA: 23s
54231040/87910968 [=================>............] - ETA: 23s
54296576/87910968 [=================>............] - ETA: 23s
54452224/87910968 [=================>............] - ETA: 23s
54525952/87910968 [=================>............] - ETA: 23s
54648832/87910968 [=================>............] - ETA: 23s
54730752/87910968 [=================>............] - ETA: 23s
54804480/87910968 [=================>............] - ETA: 23s
54910976/87910968 [=================>............] - ETA: 23s
54976512/87910968 [=================>............] - ETA: 23s
55132160/87910968 [=================>............] - ETA: 23s
55238656/87910968 [=================>............] - ETA: 22s
55312384/87910968 [=================>............] - ETA: 22s
55451648/87910968 [=================>............] - ETA: 22s
55533568/87910968 [=================>............] - ETA: 22s
55730176/87910968 [==================>...........] - ETA: 22s
55828480/87910968 [==================>...........] - ETA: 22s
55934976/87910968 [==================>...........] - ETA: 22s
56074240/87910968 [==================>...........] - ETA: 22s
56180736/87910968 [==================>...........] - ETA: 22s
56369152/87910968 [==================>...........] - ETA: 22s
56492032/87910968 [==================>...........] - ETA: 21s
56598528/87910968 [==================>...........] - ETA: 21s
56754176/87910968 [==================>...........] - ETA: 21s
56860672/87910968 [==================>...........] - ETA: 21s
57081856/87910968 [==================>...........] - ETA: 21s
57204736/87910968 [==================>...........] - ETA: 21s
57327616/87910968 [==================>...........] - ETA: 21s
57483264/87910968 [==================>...........] - ETA: 21s
57606144/87910968 [==================>...........] - ETA: 21s
57835520/87910968 [==================>...........] - ETA: 20s
57974784/87910968 [==================>...........] - ETA: 20s
58089472/87910968 [==================>...........] - ETA: 20s
58269696/87910968 [==================>...........] - ETA: 20s
58392576/87910968 [==================>...........] - ETA: 20s
58613760/87910968 [===================>..........] - ETA: 20s
58769408/87910968 [===================>..........] - ETA: 20s
58892288/87910968 [===================>..........] - ETA: 20s
59031552/87910968 [===================>..........] - ETA: 19s
59187200/87910968 [===================>..........] - ETA: 19s
59310080/87910968 [===================>..........] - ETA: 19s
59465728/87910968 [===================>..........] - ETA: 19s
59629568/87910968 [===================>..........] - ETA: 19s
59744256/87910968 [===================>..........] - ETA: 19s
59883520/87910968 [===================>..........] - ETA: 19s
60063744/87910968 [===================>..........] - ETA: 19s
60186624/87910968 [===================>..........] - ETA: 18s
60342272/87910968 [===================>..........] - ETA: 18s
60497920/87910968 [===================>..........] - ETA: 18s
60637184/87910968 [===================>..........] - ETA: 18s
60792832/87910968 [===================>..........] - ETA: 18s
60964864/87910968 [===================>..........] - ETA: 18s
61104128/87910968 [===================>..........] - ETA: 18s
61259776/87910968 [===================>..........] - ETA: 18s
61440000/87910968 [===================>..........] - ETA: 17s
61579264/87910968 [====================>.........] - ETA: 17s
61751296/87910968 [====================>.........] - ETA: 17s
61923328/87910968 [====================>.........] - ETA: 17s
62078976/87910968 [====================>.........] - ETA: 17s
62234624/87910968 [====================>.........] - ETA: 17s
62431232/87910968 [====================>.........] - ETA: 17s
62586880/87910968 [====================>.........] - ETA: 17s
62758912/87910968 [====================>.........] - ETA: 16s
62947328/87910968 [====================>.........] - ETA: 16s
63086592/87910968 [====================>.........] - ETA: 16s
63283200/87910968 [====================>.........] - ETA: 16s
63471616/87910968 [====================>.........] - ETA: 16s
63643648/87910968 [====================>.........] - ETA: 16s
63823872/87910968 [====================>.........] - ETA: 16s
64028672/87910968 [====================>.........] - ETA: 15s
64184320/87910968 [====================>.........] - ETA: 15s
64380928/87910968 [====================>.........] - ETA: 15s
64585728/87910968 [=====================>........] - ETA: 15s
64757760/87910968 [=====================>........] - ETA: 15s
64954368/87910968 [=====================>........] - ETA: 15s
65175552/87910968 [=====================>........] - ETA: 14s
65355776/87910968 [=====================>........] - ETA: 14s
65544192/87910968 [=====================>........] - ETA: 14s
65773568/87910968 [=====================>........] - ETA: 14s
65945600/87910968 [=====================>........] - ETA: 14s
66142208/87910968 [=====================>........] - ETA: 14s
66371584/87910968 [=====================>........] - ETA: 14s
66551808/87910968 [=====================>........] - ETA: 13s
66764800/87910968 [=====================>........] - ETA: 13s
66994176/87910968 [=====================>........] - ETA: 13s
67190784/87910968 [=====================>........] - ETA: 13s
67403776/87910968 [======================>.......] - ETA: 13s
67649536/87910968 [======================>.......] - ETA: 13s
67829760/87910968 [======================>.......] - ETA: 12s
68059136/87910968 [======================>.......] - ETA: 12s
68304896/87910968 [======================>.......] - ETA: 12s
68501504/87910968 [======================>.......] - ETA: 12s
68730880/87910968 [======================>.......] - ETA: 12s
68993024/87910968 [======================>.......] - ETA: 12s
69189632/87910968 [======================>.......] - ETA: 11s
69419008/87910968 [======================>.......] - ETA: 11s
69697536/87910968 [======================>.......] - ETA: 11s
69894144/87910968 [======================>.......] - ETA: 11s
70139904/87910968 [======================>.......] - ETA: 11s
70418432/87910968 [=======================>......] - ETA: 10s
70631424/87910968 [=======================>......] - ETA: 10s
70877184/87910968 [=======================>......] - ETA: 10s
71155712/87910968 [=======================>......] - ETA: 10s
71368704/87910968 [=======================>......] - ETA: 10s
71614464/87910968 [=======================>......] - ETA: 10s
71909376/87910968 [=======================>......] - ETA: 9s 
72138752/87910968 [=======================>......] - ETA: 9s
72384512/87910968 [=======================>......] - ETA: 9s
72695808/87910968 [=======================>......] - ETA: 9s
72908800/87910968 [=======================>......] - ETA: 9s
73170944/87910968 [=======================>......] - ETA: 9s
73482240/87910968 [========================>.....] - ETA: 8s
73711616/87910968 [========================>.....] - ETA: 8s
73973760/87910968 [========================>.....] - ETA: 8s
74301440/87910968 [========================>.....] - ETA: 8s
74530816/87910968 [========================>.....] - ETA: 8s
74809344/87910968 [========================>.....] - ETA: 7s
75137024/87910968 [========================>.....] - ETA: 7s
75366400/87910968 [========================>.....] - ETA: 7s
75644928/87910968 [========================>.....] - ETA: 7s
75988992/87910968 [========================>.....] - ETA: 7s
76185600/87910968 [========================>.....] - ETA: 7s
76414976/87910968 [=========================>....] - ETA: 6s
76660736/87910968 [=========================>....] - ETA: 6s
76857344/87910968 [=========================>....] - ETA: 6s
77103104/87910968 [=========================>....] - ETA: 6s
77365248/87910968 [=========================>....] - ETA: 6s
77561856/87910968 [=========================>....] - ETA: 6s
77807616/87910968 [=========================>....] - ETA: 5s
78069760/87910968 [=========================>....] - ETA: 5s
78282752/87910968 [=========================>....] - ETA: 5s
78528512/87910968 [=========================>....] - ETA: 5s
78790656/87910968 [=========================>....] - ETA: 5s
79020032/87910968 [=========================>....] - ETA: 5s
79265792/87910968 [==========================>...] - ETA: 5s
79544320/87910968 [==========================>...] - ETA: 4s
79773696/87910968 [==========================>...] - ETA: 4s
80019456/87910968 [==========================>...] - ETA: 4s
80314368/87910968 [==========================>...] - ETA: 4s
80543744/87910968 [==========================>...] - ETA: 4s
80805888/87910968 [==========================>...] - ETA: 4s
81084416/87910968 [==========================>...] - ETA: 3s
81330176/87910968 [==========================>...] - ETA: 3s
81592320/87910968 [==========================>...] - ETA: 3s
81887232/87910968 [==========================>...] - ETA: 3s
82001920/87910968 [==========================>...] - ETA: 3s
82395136/87910968 [===========================>..] - ETA: 3s
82690048/87910968 [===========================>..] - ETA: 2s
82853888/87910968 [===========================>..] - ETA: 2s
83214336/87910968 [===========================>..] - ETA: 2s
83509248/87910968 [===========================>..] - ETA: 2s
83673088/87910968 [===========================>..] - ETA: 2s
84033536/87910968 [===========================>..] - ETA: 2s
84328448/87910968 [===========================>..] - ETA: 2s
84541440/87910968 [===========================>..] - ETA: 1s
84869120/87910968 [===========================>..] - ETA: 1s
85164032/87910968 [============================>.] - ETA: 1s
85385216/87910968 [============================>.] - ETA: 1s
85704704/87910968 [============================>.] - ETA: 1s
85999616/87910968 [============================>.] - ETA: 1s
86163456/87910968 [============================>.] - ETA: 0s
86441984/87910968 [============================>.] - ETA: 0s
86671360/87910968 [============================>.] - ETA: 0s
86818816/87910968 [============================>.] - ETA: 0s
87130112/87910968 [============================>.] - ETA: 0s
87359488/87910968 [============================>.] - ETA: 0s
87490560/87910968 [============================>.] - ETA: 0s
87736320/87910968 [============================>.] - ETA: 0s
87916544/87910968 [==============================] - 48s 1us/step
/usr/local/lib/python3.5/dist-packages/h5py/__init__.py:36: FutureWarning: Conversion of the second argument of issubdtype from `float` to `np.floating` is deprecated. In future, it will be treated as `np.float64 == np.dtype(float).type`.
  from ._conv import register_converters as _register_converters
Using TensorFlow backend.
Traceback (most recent call last):
  File "generate_features.py", line 64, in <module>
    Xtest = preprocess_input(np.array(test_imgs))
MemoryError
Exception ignored in: <bound method BaseSession.__del__ of <tensorflow.python.client.session.Session object at 0x7f598d0fd7f0>>
Traceback (most recent call last):
  File "/usr/local/lib/python3.5/dist-packages/tensorflow/python/client/session.py", line 712, in __del__
TypeError: 'NoneType' object is not callable
